2025-12-15 15:13:33 INFO  TC002_LoginDDT:35 - Starting point
2025-12-15 15:13:45 DEBUG PackageRelationshipCollection:307 - Parsing relationship: /xl/_rels/workbook.xml.rels
2025-12-15 15:13:45 DEBUG PackageRelationshipCollection:307 - Parsing relationship: /xl/worksheets/_rels/sheet1.xml.rels
2025-12-15 15:13:45 DEBUG PackageRelationshipCollection:307 - Parsing relationship: /_rels/.rels
2025-12-15 15:13:45 DEBUG PackageRelationshipCollection:307 - Parsing relationship: /xl/_rels/workbook.xml.rels
2025-12-15 15:13:45 DEBUG PackageRelationshipCollection:307 - Parsing relationship: /xl/worksheets/_rels/sheet1.xml.rels
2025-12-15 15:13:45 DEBUG PackageRelationshipCollection:307 - Parsing relationship: /_rels/.rels
2025-12-15 15:13:45 DEBUG PackageRelationshipCollection:307 - Parsing relationship: /xl/_rels/workbook.xml.rels
2025-12-15 15:13:45 DEBUG PackageRelationshipCollection:307 - Parsing relationship: /xl/worksheets/_rels/sheet1.xml.rels
2025-12-15 15:13:45 DEBUG PackageRelationshipCollection:307 - Parsing relationship: /_rels/.rels
2025-12-15 15:13:45 DEBUG PackageRelationshipCollection:307 - Parsing relationship: /xl/_rels/workbook.xml.rels
2025-12-15 15:13:45 DEBUG PackageRelationshipCollection:307 - Parsing relationship: /xl/worksheets/_rels/sheet1.xml.rels
2025-12-15 15:13:45 DEBUG PackageRelationshipCollection:307 - Parsing relationship: /_rels/.rels
2025-12-15 15:13:45 DEBUG PackageRelationshipCollection:307 - Parsing relationship: /xl/_rels/workbook.xml.rels
2025-12-15 15:13:45 DEBUG PackageRelationshipCollection:307 - Parsing relationship: /xl/worksheets/_rels/sheet1.xml.rels
2025-12-15 15:13:45 DEBUG PackageRelationshipCollection:307 - Parsing relationship: /_rels/.rels
2025-12-15 15:13:45 DEBUG PackageRelationshipCollection:307 - Parsing relationship: /xl/_rels/workbook.xml.rels
2025-12-15 15:13:45 DEBUG PackageRelationshipCollection:307 - Parsing relationship: /xl/worksheets/_rels/sheet1.xml.rels
2025-12-15 15:13:45 DEBUG PackageRelationshipCollection:307 - Parsing relationship: /_rels/.rels
2025-12-15 15:13:45 DEBUG PackageRelationshipCollection:307 - Parsing relationship: /xl/_rels/workbook.xml.rels
2025-12-15 15:13:45 DEBUG PackageRelationshipCollection:307 - Parsing relationship: /xl/worksheets/_rels/sheet1.xml.rels
2025-12-15 15:13:45 DEBUG PackageRelationshipCollection:307 - Parsing relationship: /_rels/.rels
2025-12-15 15:13:45 DEBUG PackageRelationshipCollection:307 - Parsing relationship: /xl/_rels/workbook.xml.rels
2025-12-15 15:13:45 DEBUG PackageRelationshipCollection:307 - Parsing relationship: /xl/worksheets/_rels/sheet1.xml.rels
2025-12-15 15:13:45 DEBUG PackageRelationshipCollection:307 - Parsing relationship: /_rels/.rels
2025-12-15 15:13:45 DEBUG PackageRelationshipCollection:307 - Parsing relationship: /xl/_rels/workbook.xml.rels
2025-12-15 15:13:45 DEBUG PackageRelationshipCollection:307 - Parsing relationship: /xl/worksheets/_rels/sheet1.xml.rels
2025-12-15 15:13:45 DEBUG PackageRelationshipCollection:307 - Parsing relationship: /_rels/.rels
2025-12-15 15:13:45 DEBUG PackageRelationshipCollection:307 - Parsing relationship: /xl/_rels/workbook.xml.rels
2025-12-15 15:13:45 DEBUG PackageRelationshipCollection:307 - Parsing relationship: /xl/worksheets/_rels/sheet1.xml.rels
2025-12-15 15:13:45 DEBUG PackageRelationshipCollection:307 - Parsing relationship: /_rels/.rels
2025-12-15 15:13:45 DEBUG PackageRelationshipCollection:307 - Parsing relationship: /xl/_rels/workbook.xml.rels
2025-12-15 15:13:45 DEBUG PackageRelationshipCollection:307 - Parsing relationship: /xl/worksheets/_rels/sheet1.xml.rels
2025-12-15 15:13:45 DEBUG PackageRelationshipCollection:307 - Parsing relationship: /_rels/.rels
2025-12-15 15:13:45 DEBUG PackageRelationshipCollection:307 - Parsing relationship: /xl/_rels/workbook.xml.rels
2025-12-15 15:13:45 DEBUG PackageRelationshipCollection:307 - Parsing relationship: /xl/worksheets/_rels/sheet1.xml.rels
2025-12-15 15:13:45 DEBUG PackageRelationshipCollection:307 - Parsing relationship: /_rels/.rels
2025-12-15 15:13:45 DEBUG PackageRelationshipCollection:307 - Parsing relationship: /xl/_rels/workbook.xml.rels
2025-12-15 15:13:45 DEBUG PackageRelationshipCollection:307 - Parsing relationship: /xl/worksheets/_rels/sheet1.xml.rels
2025-12-15 15:13:45 DEBUG PackageRelationshipCollection:307 - Parsing relationship: /_rels/.rels
2025-12-15 15:13:45 DEBUG PackageRelationshipCollection:307 - Parsing relationship: /xl/_rels/workbook.xml.rels
2025-12-15 15:13:45 DEBUG PackageRelationshipCollection:307 - Parsing relationship: /xl/worksheets/_rels/sheet1.xml.rels
2025-12-15 15:13:45 DEBUG PackageRelationshipCollection:307 - Parsing relationship: /_rels/.rels
2025-12-15 15:13:45 DEBUG PackageRelationshipCollection:307 - Parsing relationship: /xl/_rels/workbook.xml.rels
2025-12-15 15:13:45 DEBUG PackageRelationshipCollection:307 - Parsing relationship: /xl/worksheets/_rels/sheet1.xml.rels
2025-12-15 15:13:45 DEBUG PackageRelationshipCollection:307 - Parsing relationship: /_rels/.rels
2025-12-15 15:13:45 DEBUG PackageRelationshipCollection:307 - Parsing relationship: /xl/_rels/workbook.xml.rels
2025-12-15 15:13:45 DEBUG PackageRelationshipCollection:307 - Parsing relationship: /xl/worksheets/_rels/sheet1.xml.rels
2025-12-15 15:13:45 DEBUG PackageRelationshipCollection:307 - Parsing relationship: /_rels/.rels
2025-12-15 15:13:45 DEBUG PackageRelationshipCollection:307 - Parsing relationship: /xl/_rels/workbook.xml.rels
2025-12-15 15:13:45 DEBUG PackageRelationshipCollection:307 - Parsing relationship: /xl/worksheets/_rels/sheet1.xml.rels
2025-12-15 15:13:45 DEBUG PackageRelationshipCollection:307 - Parsing relationship: /_rels/.rels
2025-12-15 15:13:45 DEBUG PackageRelationshipCollection:307 - Parsing relationship: /xl/_rels/workbook.xml.rels
2025-12-15 15:13:45 DEBUG PackageRelationshipCollection:307 - Parsing relationship: /xl/worksheets/_rels/sheet1.xml.rels
2025-12-15 15:13:45 DEBUG PackageRelationshipCollection:307 - Parsing relationship: /_rels/.rels
2025-12-15 15:13:45 DEBUG PackageRelationshipCollection:307 - Parsing relationship: /xl/_rels/workbook.xml.rels
2025-12-15 15:13:45 DEBUG PackageRelationshipCollection:307 - Parsing relationship: /xl/worksheets/_rels/sheet1.xml.rels
2025-12-15 15:13:45 DEBUG PackageRelationshipCollection:307 - Parsing relationship: /_rels/.rels
2025-12-15 15:13:45 DEBUG PackageRelationshipCollection:307 - Parsing relationship: /xl/_rels/workbook.xml.rels
2025-12-15 15:13:45 DEBUG PackageRelationshipCollection:307 - Parsing relationship: /xl/worksheets/_rels/sheet1.xml.rels
2025-12-15 15:13:45 DEBUG PackageRelationshipCollection:307 - Parsing relationship: /_rels/.rels
2025-12-15 15:13:45 DEBUG PackageRelationshipCollection:307 - Parsing relationship: /xl/_rels/workbook.xml.rels
2025-12-15 15:13:45 DEBUG PackageRelationshipCollection:307 - Parsing relationship: /xl/worksheets/_rels/sheet1.xml.rels
2025-12-15 15:13:45 DEBUG PackageRelationshipCollection:307 - Parsing relationship: /_rels/.rels
2025-12-15 15:13:45 DEBUG PackageRelationshipCollection:307 - Parsing relationship: /xl/_rels/workbook.xml.rels
2025-12-15 15:13:45 DEBUG PackageRelationshipCollection:307 - Parsing relationship: /xl/worksheets/_rels/sheet1.xml.rels
2025-12-15 15:13:45 DEBUG PackageRelationshipCollection:307 - Parsing relationship: /_rels/.rels
2025-12-15 15:13:45 DEBUG PackageRelationshipCollection:307 - Parsing relationship: /xl/_rels/workbook.xml.rels
2025-12-15 15:13:45 DEBUG PackageRelationshipCollection:307 - Parsing relationship: /xl/worksheets/_rels/sheet1.xml.rels
2025-12-15 15:13:45 DEBUG PackageRelationshipCollection:307 - Parsing relationship: /_rels/.rels
2025-12-15 15:13:45 DEBUG PackageRelationshipCollection:307 - Parsing relationship: /xl/_rels/workbook.xml.rels
2025-12-15 15:13:45 DEBUG PackageRelationshipCollection:307 - Parsing relationship: /xl/worksheets/_rels/sheet1.xml.rels
2025-12-15 15:13:45 DEBUG PackageRelationshipCollection:307 - Parsing relationship: /_rels/.rels
2025-12-15 15:13:45 DEBUG PackageRelationshipCollection:307 - Parsing relationship: /xl/_rels/workbook.xml.rels
2025-12-15 15:13:45 DEBUG PackageRelationshipCollection:307 - Parsing relationship: /xl/worksheets/_rels/sheet1.xml.rels
2025-12-15 15:13:45 DEBUG PackageRelationshipCollection:307 - Parsing relationship: /_rels/.rels
2025-12-15 15:13:45 DEBUG PackageRelationshipCollection:307 - Parsing relationship: /xl/_rels/workbook.xml.rels
2025-12-15 15:13:45 DEBUG PackageRelationshipCollection:307 - Parsing relationship: /xl/worksheets/_rels/sheet1.xml.rels
2025-12-15 15:13:45 DEBUG PackageRelationshipCollection:307 - Parsing relationship: /_rels/.rels
2025-12-15 15:13:45 INFO  TC002_LoginDDT:47 - Ending point
2025-12-15 15:23:23 INFO  TC002_LoginDDT:35 - Starting point
2025-12-15 15:23:27 DEBUG PackageRelationshipCollection:307 - Parsing relationship: /xl/_rels/workbook.xml.rels
2025-12-15 15:23:27 DEBUG PackageRelationshipCollection:307 - Parsing relationship: /xl/worksheets/_rels/sheet1.xml.rels
2025-12-15 15:23:27 DEBUG PackageRelationshipCollection:307 - Parsing relationship: /_rels/.rels
2025-12-15 15:23:27 DEBUG PackageRelationshipCollection:307 - Parsing relationship: /xl/_rels/workbook.xml.rels
2025-12-15 15:23:27 DEBUG PackageRelationshipCollection:307 - Parsing relationship: /xl/worksheets/_rels/sheet1.xml.rels
2025-12-15 15:23:27 DEBUG PackageRelationshipCollection:307 - Parsing relationship: /_rels/.rels
2025-12-15 15:23:27 DEBUG PackageRelationshipCollection:307 - Parsing relationship: /xl/_rels/workbook.xml.rels
2025-12-15 15:23:27 DEBUG PackageRelationshipCollection:307 - Parsing relationship: /xl/worksheets/_rels/sheet1.xml.rels
2025-12-15 15:23:27 DEBUG PackageRelationshipCollection:307 - Parsing relationship: /_rels/.rels
2025-12-15 15:23:27 DEBUG PackageRelationshipCollection:307 - Parsing relationship: /xl/_rels/workbook.xml.rels
2025-12-15 15:23:27 DEBUG PackageRelationshipCollection:307 - Parsing relationship: /xl/worksheets/_rels/sheet1.xml.rels
2025-12-15 15:23:27 DEBUG PackageRelationshipCollection:307 - Parsing relationship: /_rels/.rels
2025-12-15 15:23:27 DEBUG PackageRelationshipCollection:307 - Parsing relationship: /xl/_rels/workbook.xml.rels
2025-12-15 15:23:28 DEBUG PackageRelationshipCollection:307 - Parsing relationship: /xl/worksheets/_rels/sheet1.xml.rels
2025-12-15 15:23:28 DEBUG PackageRelationshipCollection:307 - Parsing relationship: /_rels/.rels
2025-12-15 15:23:28 DEBUG PackageRelationshipCollection:307 - Parsing relationship: /xl/_rels/workbook.xml.rels
2025-12-15 15:23:28 DEBUG PackageRelationshipCollection:307 - Parsing relationship: /xl/worksheets/_rels/sheet1.xml.rels
2025-12-15 15:23:28 DEBUG PackageRelationshipCollection:307 - Parsing relationship: /_rels/.rels
2025-12-15 15:23:28 DEBUG PackageRelationshipCollection:307 - Parsing relationship: /xl/_rels/workbook.xml.rels
2025-12-15 15:23:28 DEBUG PackageRelationshipCollection:307 - Parsing relationship: /xl/worksheets/_rels/sheet1.xml.rels
2025-12-15 15:23:28 DEBUG PackageRelationshipCollection:307 - Parsing relationship: /_rels/.rels
2025-12-15 15:23:28 DEBUG PackageRelationshipCollection:307 - Parsing relationship: /xl/_rels/workbook.xml.rels
2025-12-15 15:23:28 DEBUG PackageRelationshipCollection:307 - Parsing relationship: /xl/worksheets/_rels/sheet1.xml.rels
2025-12-15 15:23:28 DEBUG PackageRelationshipCollection:307 - Parsing relationship: /_rels/.rels
2025-12-15 15:23:28 DEBUG PackageRelationshipCollection:307 - Parsing relationship: /xl/_rels/workbook.xml.rels
2025-12-15 15:23:28 DEBUG PackageRelationshipCollection:307 - Parsing relationship: /xl/worksheets/_rels/sheet1.xml.rels
2025-12-15 15:23:28 DEBUG PackageRelationshipCollection:307 - Parsing relationship: /_rels/.rels
2025-12-15 15:23:28 DEBUG PackageRelationshipCollection:307 - Parsing relationship: /xl/_rels/workbook.xml.rels
2025-12-15 15:23:28 DEBUG PackageRelationshipCollection:307 - Parsing relationship: /xl/worksheets/_rels/sheet1.xml.rels
2025-12-15 15:23:28 DEBUG PackageRelationshipCollection:307 - Parsing relationship: /_rels/.rels
2025-12-15 15:23:28 DEBUG PackageRelationshipCollection:307 - Parsing relationship: /xl/_rels/workbook.xml.rels
2025-12-15 15:23:28 DEBUG PackageRelationshipCollection:307 - Parsing relationship: /xl/worksheets/_rels/sheet1.xml.rels
2025-12-15 15:23:28 DEBUG PackageRelationshipCollection:307 - Parsing relationship: /_rels/.rels
2025-12-15 15:23:28 DEBUG PackageRelationshipCollection:307 - Parsing relationship: /xl/_rels/workbook.xml.rels
2025-12-15 15:23:28 DEBUG PackageRelationshipCollection:307 - Parsing relationship: /xl/worksheets/_rels/sheet1.xml.rels
2025-12-15 15:23:28 DEBUG PackageRelationshipCollection:307 - Parsing relationship: /_rels/.rels
2025-12-15 15:23:28 DEBUG PackageRelationshipCollection:307 - Parsing relationship: /xl/_rels/workbook.xml.rels
2025-12-15 15:23:28 DEBUG PackageRelationshipCollection:307 - Parsing relationship: /xl/worksheets/_rels/sheet1.xml.rels
2025-12-15 15:23:28 DEBUG PackageRelationshipCollection:307 - Parsing relationship: /_rels/.rels
2025-12-15 15:23:28 DEBUG PackageRelationshipCollection:307 - Parsing relationship: /xl/_rels/workbook.xml.rels
2025-12-15 15:23:28 DEBUG PackageRelationshipCollection:307 - Parsing relationship: /xl/worksheets/_rels/sheet1.xml.rels
2025-12-15 15:23:28 DEBUG PackageRelationshipCollection:307 - Parsing relationship: /_rels/.rels
2025-12-15 15:23:28 DEBUG PackageRelationshipCollection:307 - Parsing relationship: /xl/_rels/workbook.xml.rels
2025-12-15 15:23:28 DEBUG PackageRelationshipCollection:307 - Parsing relationship: /xl/worksheets/_rels/sheet1.xml.rels
2025-12-15 15:23:28 DEBUG PackageRelationshipCollection:307 - Parsing relationship: /_rels/.rels
2025-12-15 15:23:28 DEBUG PackageRelationshipCollection:307 - Parsing relationship: /xl/_rels/workbook.xml.rels
2025-12-15 15:23:28 DEBUG PackageRelationshipCollection:307 - Parsing relationship: /xl/worksheets/_rels/sheet1.xml.rels
2025-12-15 15:23:28 DEBUG PackageRelationshipCollection:307 - Parsing relationship: /_rels/.rels
2025-12-15 15:23:28 DEBUG PackageRelationshipCollection:307 - Parsing relationship: /xl/_rels/workbook.xml.rels
2025-12-15 15:23:28 DEBUG PackageRelationshipCollection:307 - Parsing relationship: /xl/worksheets/_rels/sheet1.xml.rels
2025-12-15 15:23:28 DEBUG PackageRelationshipCollection:307 - Parsing relationship: /_rels/.rels
2025-12-15 15:23:28 DEBUG PackageRelationshipCollection:307 - Parsing relationship: /xl/_rels/workbook.xml.rels
2025-12-15 15:23:28 DEBUG PackageRelationshipCollection:307 - Parsing relationship: /xl/worksheets/_rels/sheet1.xml.rels
2025-12-15 15:23:28 DEBUG PackageRelationshipCollection:307 - Parsing relationship: /_rels/.rels
2025-12-15 15:23:28 DEBUG PackageRelationshipCollection:307 - Parsing relationship: /xl/_rels/workbook.xml.rels
2025-12-15 15:23:28 DEBUG PackageRelationshipCollection:307 - Parsing relationship: /xl/worksheets/_rels/sheet1.xml.rels
2025-12-15 15:23:28 DEBUG PackageRelationshipCollection:307 - Parsing relationship: /_rels/.rels
2025-12-15 15:23:28 DEBUG PackageRelationshipCollection:307 - Parsing relationship: /xl/_rels/workbook.xml.rels
2025-12-15 15:23:28 DEBUG PackageRelationshipCollection:307 - Parsing relationship: /xl/worksheets/_rels/sheet1.xml.rels
2025-12-15 15:23:28 DEBUG PackageRelationshipCollection:307 - Parsing relationship: /_rels/.rels
2025-12-15 15:23:28 DEBUG PackageRelationshipCollection:307 - Parsing relationship: /xl/_rels/workbook.xml.rels
2025-12-15 15:23:28 DEBUG PackageRelationshipCollection:307 - Parsing relationship: /xl/worksheets/_rels/sheet1.xml.rels
2025-12-15 15:23:28 DEBUG PackageRelationshipCollection:307 - Parsing relationship: /_rels/.rels
2025-12-15 15:23:28 DEBUG PackageRelationshipCollection:307 - Parsing relationship: /xl/_rels/workbook.xml.rels
2025-12-15 15:23:28 DEBUG PackageRelationshipCollection:307 - Parsing relationship: /xl/worksheets/_rels/sheet1.xml.rels
2025-12-15 15:23:28 DEBUG PackageRelationshipCollection:307 - Parsing relationship: /_rels/.rels
2025-12-15 15:23:28 DEBUG PackageRelationshipCollection:307 - Parsing relationship: /xl/_rels/workbook.xml.rels
2025-12-15 15:23:28 DEBUG PackageRelationshipCollection:307 - Parsing relationship: /xl/worksheets/_rels/sheet1.xml.rels
2025-12-15 15:23:28 DEBUG PackageRelationshipCollection:307 - Parsing relationship: /_rels/.rels
2025-12-15 15:23:28 DEBUG PackageRelationshipCollection:307 - Parsing relationship: /xl/_rels/workbook.xml.rels
2025-12-15 15:23:28 DEBUG PackageRelationshipCollection:307 - Parsing relationship: /xl/worksheets/_rels/sheet1.xml.rels
2025-12-15 15:23:28 DEBUG PackageRelationshipCollection:307 - Parsing relationship: /_rels/.rels
2025-12-15 15:23:28 DEBUG PackageRelationshipCollection:307 - Parsing relationship: /xl/_rels/workbook.xml.rels
2025-12-15 15:23:28 DEBUG PackageRelationshipCollection:307 - Parsing relationship: /xl/worksheets/_rels/sheet1.xml.rels
2025-12-15 15:23:28 DEBUG PackageRelationshipCollection:307 - Parsing relationship: /_rels/.rels
2025-12-15 15:23:28 DEBUG PackageRelationshipCollection:307 - Parsing relationship: /xl/_rels/workbook.xml.rels
2025-12-15 15:23:28 DEBUG PackageRelationshipCollection:307 - Parsing relationship: /xl/worksheets/_rels/sheet1.xml.rels
2025-12-15 15:23:28 DEBUG PackageRelationshipCollection:307 - Parsing relationship: /_rels/.rels
2025-12-15 15:23:28 INFO  TC002_LoginDDT:47 - Ending point
